<?xml version="1.0" encoding="utf-8"?>
<!--
  ~ Copyright (c) 2008-2015, Hazelcast, Inc. All Rights Reserved.
  ~
  ~ Licensed under the Apache License, Version 2.0 (the "License");
  ~ you may not use this file except in compliance with the License.
  ~ You may obtain a copy of the License at
  ~
  ~ http://www.apache.org/licenses/LICENSE-2.0
  ~
  ~ Unless required by applicable law or agreed to in writing, software
  ~ distributed under the License is distributed on an "AS IS" BASIS,
  ~ WITHOUT WARRANTIES OR CONDITIONS OF ANY KIND, either express or implied.
  ~ See the License for the specific language governing permissions and
  ~ limitations under the License.
  -->

<!DOCTYPE hibernate-configuration PUBLIC
        "-//Hibernate/Hibernate Configuration DTD 3.0//EN"
        "classpath://org/hibernate/hibernate-configuration-3.0.dtd">

<hibernate-configuration>
    <session-factory>
        <property name="hibernate.dialect">org.hibernate.dialect.HSQLDialect</property>
        <property name="hibernate.connection.driver_class">org.hsqldb.jdbcDriver</property>
        <property name="hibernate.connection.url">jdbc:hsqldb:mem:testdb</property>
        <property name="hibernate.connection.username">sa</property>
        <property name="hibernate.connection.password"></property>

        <property name="hibernate.connection.pool_size">2</property>
        <property name="hibernate.show_sql">false</property>
        <property name="hibernate.hbm2ddl.auto">create-drop</property>

        <property name="hibernate.cache.use_second_level_cache">true</property>
        <property name="hibernate.cache.use_query_cache">true</property>
        <property name="hibernate.cache.use_minimal_puts">true</property>

        <property name="hibernate.cache.hazelcast.configuration_file_path">hazelcast-custom.xml</property>

        <mapping resource="com/hazelcast/hibernate/entity/DummyEntity.hbm.xml"/>
        <mapping resource="com/hazelcast/hibernate/entity/DummyProperty.hbm.xml"/>

    </session-factory>
</hibernate-configuration>
