<?xml version="1.0" encoding="UTF-8"?>
<!--
  ~ Copyright (c) 2008-2018, Hazelcast, Inc. All Rights Reserved.
  ~
  ~ Licensed under the Apache License, Version 2.0 (the "License");
  ~ you may not use this file except in compliance with the License.
  ~ You may obtain a copy of the License at
  ~
  ~ http://www.apache.org/licenses/LICENSE-2.0
  ~
  ~ Unless required by applicable law or agreed to in writing, software
  ~ distributed under the License is distributed on an "AS IS" BASIS,
  ~ WITHOUT WARRANTIES OR CONDITIONS OF ANY KIND, either express or implied.
  ~ See the License for the specific language governing permissions and
  ~ limitations under the License.
  -->

<beans xmlns="http://www.springframework.org/schema/beans"
       xmlns:xsi="http://www.w3.org/2001/XMLSchema-instance"
       xmlns:context="http://www.springframework.org/schema/context"
       xmlns:tx="http://www.springframework.org/schema/tx"
       xmlns:hz="http://www.hazelcast.com/schema/spring"
       xsi:schemaLocation="http://www.springframework.org/schema/beans
        http://www.springframework.org/schema/beans/spring-beans.xsd
        http://www.springframework.org/schema/context
        http://www.springframework.org/schema/context/spring-context.xsd
        http://www.springframework.org/schema/tx
        http://www.springframework.org/schema/tx/spring-tx.xsd
        http://www.hazelcast.com/schema/spring
        http://www.hazelcast.com/schema/spring/hazelcast-spring.xsd">

    <tx:annotation-driven transaction-manager="dummyTransactionManager"/>

    <context:annotation-config/>
    <context:component-scan base-package="com.hazelcast.spring.context"/>

    <bean id="myEvictionPolicyComparator" class="com.hazelcast.spring.context.MyEvictionPolicyComparator"/>

    <hz:hazelcast id="instance1">
        <hz:config>
            <hz:group name="dev" password="dev-pass"/>
            <hz:network port="5701" port-auto-increment="false">
                <hz:join>
                    <hz:multicast enabled="false"/>
                    <hz:tcp-ip enabled="true">
                        <hz:interface>127.0.0.1:5701</hz:interface>
                        <hz:interface>127.0.0.1:5702</hz:interface>
                    </hz:tcp-ip>
                </hz:join>
                <hz:interfaces enabled="true">
                    <hz:interface>127.0.0.1</hz:interface>
                </hz:interfaces>
            </hz:network>
            <hz:cache name="cache1"
                      async-backup-count="1"
                      backup-count="2"
                      key-type="java.lang.Integer"
                      value-type="java.lang.String"
                      statistics-enabled="true"
                      management-enabled="true"
                      read-through="true"
                      write-through="true"
                      cache-loader-factory="com.hazelcast.cache.MyCacheLoaderFactory"
                      cache-writer-factory="com.hazelcast.cache.MyCacheWriterFactory"
                      expiry-policy-factory="com.hazelcast.cache.MyExpiryPolicyFactory"
                      in-memory-format="OBJECT">
                <hz:eviction size="50" max-size-policy="ENTRY_COUNT" eviction-policy="LRU"/>
                <hz:cache-entry-listeners>
                    <hz:cache-entry-listener cache-entry-event-filter-factory="com.hazelcast.cache.MyCacheFilterFactory"
                                             cache-entry-listener-factory="com.hazelcast.cache.MyCacheListenerFactory"
                                             old-value-required="false" synchronous="false"/>
                </hz:cache-entry-listeners>
            </hz:cache>
            <hz:cache name="cacheWithTimedCreatedExpiryPolicyFactory">
                <hz:expiry-policy-factory>
                    <hz:timed-expiry-policy-factory expiry-policy-type="CREATED"
                                                    duration-amount="1"
                                                    time-unit="DAYS"/>
                </hz:expiry-policy-factory>
            </hz:cache>
            <hz:cache name="cacheWithTimedAccessedExpiryPolicyFactory">
                <hz:expiry-policy-factory>
                    <hz:timed-expiry-policy-factory expiry-policy-type="ACCESSED"
                                                    duration-amount="2"
                                                    time-unit="HOURS"/>
                </hz:expiry-policy-factory>
            </hz:cache>
            <hz:cache name="cacheWithTimedModifiedExpiryPolicyFactory">
                <hz:expiry-policy-factory>
                    <hz:timed-expiry-policy-factory expiry-policy-type="MODIFIED"
                                                    duration-amount="3"
                                                    time-unit="MINUTES"/>
                </hz:expiry-policy-factory>
            </hz:cache>
            <hz:cache name="cacheWithTimedTouchedExpiryPolicyFactory">
                <hz:expiry-policy-factory>
                    <hz:timed-expiry-policy-factory expiry-policy-type="TOUCHED"
                                                    duration-amount="4"
                                                    time-unit="SECONDS"/>
                </hz:expiry-policy-factory>
            </hz:cache>
            <hz:cache name="cacheWithTimedEternalExpiryPolicyFactory">
                <hz:expiry-policy-factory>
                    <hz:timed-expiry-policy-factory expiry-policy-type="ETERNAL"/>
                </hz:expiry-policy-factory>
            </hz:cache>
            <hz:cache name="cacheWithPartitionLostListener">
                <hz:partition-lost-listeners>
                    <hz:partition-lost-listener class-name="DummyCachePartitionLostListenerImpl"/>
                </hz:partition-lost-listeners>
            </hz:cache>
            <hz:cache name="cacheWithQuorumRef">
                <hz:quorum-ref>cacheQuorumRefString</hz:quorum-ref>
            </hz:cache>
            <hz:cache name="cacheWithDefaultMergePolicy"/>
            <hz:cache name="cacheWithCustomMergePolicy">
                <hz:merge-policy>MyDummyMergePolicy</hz:merge-policy>
            </hz:cache>
            <hz:cache name="cacheWithComparatorClassName">
                <hz:eviction size="50" max-size-policy="ENTRY_COUNT"
                             comparator-class-name="com.mycompany.MyEvictionPolicyComparator"/>
            </hz:cache>
            <hz:cache name="cacheWithComparatorBean">
                <hz:eviction size="50" max-size-policy="ENTRY_COUNT" comparator-bean="myEvictionPolicyComparator"/>
            </hz:cache>
            <hz:cache name="cacheWithSimpleWriterAndLoader"
                      cache-loader="com.hazelcast.config.CacheConfigTest$MyCacheLoader"
                      cache-writer="com.hazelcast.config.CacheConfigTest$EmptyCacheWriter"
            />
        </hz:config>
    </hz:hazelcast>

</beans>
