<?xml version="1.0" encoding="UTF-8"?>
<!--
  ~ Copyright (c) 2008-2013, Hazelcast, Inc. All Rights Reserved.
  ~
  ~ Licensed under the Apache License, Version 2.0 (the "License");
  ~ you may not use this file except in compliance with the License.
  ~ You may obtain a copy of the License at
  ~
  ~ http://www.apache.org/licenses/LICENSE-2.0
  ~
  ~ Unless required by applicable law or agreed to in writing, software
  ~ distributed under the License is distributed on an "AS IS" BASIS,
  ~ WITHOUT WARRANTIES OR CONDITIONS OF ANY KIND, either express or implied.
  ~ See the License for the specific language governing permissions and
  ~ limitations under the License.
  -->

<hazelcast-client>
    <group>
        <name>foobar</name>
        <password>dev-pass</password>
    </group>
    <network>
        <ssl enabled="true">
            <factory-class-name>com.hazelcast.nio.ssl.BasicSSLContextFactory</factory-class-name>
        </ssl>
        <socket-options>
            <buffer-size>32</buffer-size>
            <keep-alive>false</keep-alive>
            <tcp-no-delay>false</tcp-no-delay>
            <reuse-address>false</reuse-address>
            <linger-seconds>3</linger-seconds>
        </socket-options>
    </network>
</hazelcast-client>
