<?xml version="1.0" encoding="UTF-8"?>
<!--
  ~ Copyright (c) 2008-2018, Hazelcast, Inc. All Rights Reserved.
  ~
  ~ Licensed under the Apache License, Version 2.0 (the "License");
  ~ you may not use this file except in compliance with the License.
  ~ You may obtain a copy of the License at
  ~
  ~ http://www.apache.org/licenses/LICENSE-2.0
  ~
  ~ Unless required by applicable law or agreed to in writing, software
  ~ distributed under the License is distributed on an "AS IS" BASIS,
  ~ WITHOUT WARRANTIES OR CONDITIONS OF ANY KIND, either express or implied.
  ~ See the License for the specific language governing permissions and
  ~ limitations under the License.
  -->

<hazelcast xmlns="http://www.hazelcast.com/schema/config"
           xmlns:xsi="http://www.w3.org/2001/XMLSchema-instance"
           xsi:schemaLocation="http://www.hazelcast.com/schema/config
           http://www.hazelcast.com/schema/config/hazelcast-config-3.10.xsd">

    <group>
        <name>F4D03AC8-B5F7-4542-9BAD-0A94BA48E95D</name>
        <password>6E282022-3BAD-4F5F-8122-CCBE85BD057E</password>
    </group>
    <network>
        <join>
            <multicast enabled="false"/>
            <tcp-ip enabled="true">
                <member>127.0.0.1</member>
            </tcp-ip>
        </join>
    </network>

    <cache name="invalid-cache">
        <in-memory-format>NATIVE</in-memory-format>
        <eviction size="99" max-size-policy="ENTRY_COUNT" eviction-policy="LFU"/>
    </cache>

</hazelcast>
