<?xml version="1.0" encoding="UTF-8"?>
<!--
  ~ Copyright (c) 2008-2018, Hazelcast, Inc. All Rights Reserved.
  ~
  ~ Licensed under the Apache License, Version 2.0 (the "License");
  ~ you may not use this file except in compliance with the License.
  ~ You may obtain a copy of the License at
  ~
  ~ http://www.apache.org/licenses/LICENSE-2.0
  ~
  ~ Unless required by applicable law or agreed to in writing, software
  ~ distributed under the License is distributed on an "AS IS" BASIS,
  ~ WITHOUT WARRANTIES OR CONDITIONS OF ANY KIND, either express or implied.
  ~ See the License for the specific language governing permissions and
  ~ limitations under the License.
  -->

<hazelcast xmlns="http://www.hazelcast.com/schema/config"
           xmlns:xsi="http://www.w3.org/2001/XMLSchema-instance"
           xsi:schemaLocation="http://www.hazelcast.com/schema/config
           http://www.hazelcast.com/schema/config/hazelcast-config-3.10.xsd">

    <group>
        <name>test-group2</name>
        <password>test-pass2</password>
    </group>

    <cache name="cache2">
        <key-type class-name="java.lang.Object"/>
        <value-type class-name="java.lang.Object"/>
        <statistics-enabled>false</statistics-enabled>
        <management-enabled>false</management-enabled>
        <read-through>true</read-through>
        <write-through>true</write-through>
        <cache-loader-factory class-name="com.hazelcast.cache.MyCacheLoaderFactory"/>
        <cache-writer-factory class-name="com.hazelcast.cache.MyCacheWriterFactory"/>
        <expiry-policy-factory class-name="com.hazelcast.cache.MyExpirePolicyFactory"/>
        <eviction size="50" max-size-policy="ENTRY_COUNT" eviction-policy="LRU"/>
        <cache-entry-listeners>
            <cache-entry-listener old-value-required="false" synchronous="false">
                <cache-entry-listener-factory class-name="com.hazelcast.cache.MyEntryListenerFactory"/>
                <cache-entry-event-filter-factory class-name="com.hazelcast.cache.MyEntryEventFilterFactory"/>
            </cache-entry-listener>
        </cache-entry-listeners>
        <backup-count>1</backup-count>
        <async-backup-count>1</async-backup-count>
    </cache>

    <cache name="cache3">
        <read-through>true</read-through>
        <write-through>true</write-through>
        <cache-loader class-name="com.hazelcast.config.CacheConfigTest$MyCacheLoader"/>
        <cache-writer class-name="com.hazelcast.config.CacheConfigTest$EmptyCacheWriter"/>
    </cache>

    <cache name="testCache">
        <key-type class-name="java.lang.Integer"/>
        <value-type class-name="java.lang.String"/>
        <statistics-enabled>false</statistics-enabled>
        <management-enabled>false</management-enabled>
    </cache>
</hazelcast>
